Diagnose log at 2025-12-08T16:42:37Z

AppPath: C:\Program Files\Git\mingw64\bin\git-credential-manager.exe
InstallDir: C:\Program Files\Git\mingw64\bin\
Version: 2.6.0+3c28096588f549cb46f36b552390514356830abe

------------
Diagnostic: Environment
Skipped: False
Success: True
Exception: None
Log:
OSType: Windows
OSVersion: 10.0 (build 26100)
Reading environment variables... OK
 Variables:
HOMEPATH=\Users\ADM-2023
DriverData=C:\Windows\System32\Drivers\DriverData
COMPUTERNAME=LAPTOP-UDTJMGOG
GIT_TRACE2_PARENT_SID=34e40e52-6943-4de3-a4a6-b4828fc6055d
CommonProgramFiles(x86)=C:\Program Files (x86)\Common Files
OneDrive=C:\Users\ADM-2023\OneDrive
WT_PROFILE_ID={61c54bbd-c2c6-5271-96e7-009a87ff44bf}
HOME=C:\Users\ADM-2023
PROCESSOR_REVISION=7a08
PATHEXT=.COM;.EXE;.BAT;.CMD;.VBS;.VBE;.JS;.JSE;.WSF;.WSH;.MSC;.CPL
TMP=C:\Users\ADM-2023\AppData\Local\Temp
TEMP=C:\Users\ADM-2023\AppData\Local\Temp
LOCALAPPDATA=C:\Users\ADM-2023\AppData\Local
MSYSTEM=MINGW64
TERM=xterm-256color
COLORTERM=truecolor
USERDOMAIN=LAPTOP-UDTJMGOG
ProgramFiles(x86)=C:\Program Files (x86)
Path=C:/Program Files/Git/mingw64/libexec/git-core;C:\Program Files\Git\mingw64\bin;C:\Program Files\Git\usr\bin;C:\Users\ADM-2023\bin;C:\WINDOWS\system32;C:\WINDOWS;C:\WINDOWS\System32\Wbem;C:\WINDOWS\System32\WindowsPowerShell\v1.0\;C:\WINDOWS\System32\OpenSSH\;C:\Program Files\Git\cmd;C:\Program Files\GitHub CLI\;C:\Program Files\nodejs\;C:\Users\ADM-2023\AppData\Local\Programs\Python\Launcher\;C:\Users\ADM-2023\AppData\Local\Microsoft\WindowsApps;C:\Users\ADM-2023\AppData\Roaming\npm;C:\Users\ADM-2023\AppData\Local\Programs\Microsoft VS Code\bin;C:\Users\ADM-2023\AppData\Local\Python\bin
PROCESSOR_LEVEL=6
PROCESSOR_IDENTIFIER=Intel64 Family 6 Model 122 Stepping 8, GenuineIntel
TMPDIR=C:\Users\ADM-2023\AppData\Local\Temp
PSModulePath=C:\Users\ADM-2023\Documents\WindowsPowerShell\Modules;C:\Program Files\WindowsPowerShell\Modules;C:\WINDOWS\system32\WindowsPowerShell\v1.0\Modules
PUBLIC=C:\Users\Public
NUMBER_OF_PROCESSORS=2
CommonProgramFiles=C:\Program Files (x86)\Common Files
WT_SESSION=be7ea03a-cbde-4e39-9042-a348f1338f57
WSLENV=WT_SESSION:WT_PROFILE_ID:
USERPROFILE=C:\Users\ADM-2023
PLINK_PROTOCOL=ssh
ProgramData=C:\ProgramData
ProgramW6432=C:\Program Files
ProgramFiles=C:\Program Files (x86)
SystemRoot=C:\WINDOWS
SESSIONNAME=Console
LC_CTYPE=C.UTF-8
CommonProgramW6432=C:\Program Files\Common Files
ZES_ENABLE_SYSMAN=1
LOGONSERVER=\\LAPTOP-UDTJMGOG
GIT_EXEC_PATH=C:/Program Files/Git/mingw64/libexec/git-core
USERDOMAIN_ROAMINGPROFILE=LAPTOP-UDTJMGOG
APPDATA=C:\Users\ADM-2023\AppData\Roaming
HOMEDRIVE=C:
USERNAME=ADM-2023
PROCESSOR_ARCHITEW6432=AMD64
PROCESSOR_ARCHITECTURE=x86
OS=Windows_NT
ComSpec=C:\WINDOWS\system32\cmd.exe
SystemDrive=C:
windir=C:\WINDOWS
ALLUSERSPROFILE=C:\ProgramData


------------
Diagnostic: File system
Skipped: False
Success: True
Exception: None
Log:
Temporary directory is 'C:\Users\ADM-2023\AppData\Local\Temp\'...
Checking basic file I/O...
Writing to temporary file 'C:\Users\ADM-2023\AppData\Local\Temp\633240f58cb0c76d19ce7254'... OK
Reading from temporary file 'C:\Users\ADM-2023\AppData\Local\Temp\633240f58cb0c76d19ce7254'... OK
Deleting temporary file 'C:\Users\ADM-2023\AppData\Local\Temp\633240f58cb0c76d19ce7254'... OK
Testing IFileSystem instance...
UserHomePath: C:\Users\ADM-2023
UserDataDirectoryPath: C:\Users\ADM-2023\.gcm
GetCurrentDirectory(): C:\Users\ADM-2023\Desktop\meu-primeiro-servidor

------------
Diagnostic: Networking
Skipped: False
Success: True
Exception: None
Log:
Checking networking and HTTP stack...
Creating HTTP client... OK
IsNetworkAvailable: True
Sending HEAD request to http://example.com...Sending HEAD request to https://example.com... OK
Acquiring free TCP port... OK
Testing local HTTP loopback connections...
Creating new HTTP listener for http://localhost:59347/... OK
Waiting for loopback connection... OK
Writing response... OK
Waiting for response data... OK
Loopback connection data OK

------------
Diagnostic: Git
Skipped: False
Success: True
Exception: None
Log:
Getting Git version... OK
Git version is '2.47.1.windows.1'
Locating current repository...Git repository at 'C:/Users/ADM-2023/Desktop/meu-primeiro-servidor/.git'
 OK
Listing all Git configuration... OK
Git configuration:
file:C:/Program Files/Git/etc/gitconfig	diff.astextplain.textconv=astextplain
file:C:/Program Files/Git/etc/gitconfig	filter.lfs.clean=git-lfs clean -- %f
file:C:/Program Files/Git/etc/gitconfig	filter.lfs.smudge=git-lfs smudge -- %f
file:C:/Program Files/Git/etc/gitconfig	filter.lfs.process=git-lfs filter-process
file:C:/Program Files/Git/etc/gitconfig	filter.lfs.required=true
file:C:/Program Files/Git/etc/gitconfig	http.sslbackend=openssl
file:C:/Program Files/Git/etc/gitconfig	http.sslcainfo=C:/Program Files/Git/mingw64/etc/ssl/certs/ca-bundle.crt
file:C:/Program Files/Git/etc/gitconfig	core.autocrlf=true
file:C:/Program Files/Git/etc/gitconfig	core.fscache=true
file:C:/Program Files/Git/etc/gitconfig	core.symlinks=false
file:C:/Program Files/Git/etc/gitconfig	pull.rebase=false
file:C:/Program Files/Git/etc/gitconfig	init.defaultbranch=master
file:C:/Users/ADM-2023/.gitconfig	user.name=cristo
file:C:/Users/ADM-2023/.gitconfig	user.email=cristorm12@gmail.com
file:C:/Users/ADM-2023/.gitconfig	credential.https://github.com.helper=
file:C:/Users/ADM-2023/.gitconfig	credential.https://github.com.helper=!'C:\Program Files\GitHub CLI\gh.exe' auth git-credential
file:C:/Users/ADM-2023/.gitconfig	credential.https://gist.github.com.helper=
file:C:/Users/ADM-2023/.gitconfig	credential.https://gist.github.com.helper=!'C:\Program Files\GitHub CLI\gh.exe' auth git-credential
file:.git/config	core.repositoryformatversion=0
file:.git/config	core.filemode=false
file:.git/config	core.bare=false
file:.git/config	core.logallrefupdates=true
file:.git/config	core.symlinks=false
file:.git/config	core.ignorecase=true
file:.git/config	remote.origin.url=https://github.com/guajajarawebdesenvolvimento-a11y/meu-primeiro-servidor.git
file:.git/config	remote.origin.fetch=+refs/heads/*:refs/remotes/origin/*


------------
Diagnostic: Credential storage
Skipped: False
Success: True
Exception: None
Log:
ICredentialStore instance is of type: CredentialStore
Writing test credential... OK
Reading test credential... OK
Deleting test credential... OK

------------
Diagnostic: Microsoft authentication (AAD/MSA)
Skipped: False
Success: True
Exception: None
Log:
Broker is not enabled.
Flow type is: Auto
Gathering MSAL token cache data... OK
CacheDirectory: C:\Users\ADM-2023\AppData\Local\.IdentityService
CacheFileName: msal.cache
CacheFilePath: C:\Users\ADM-2023\AppData\Local\.IdentityService\msal.cache
Creating cache helper... OK
Verifying MSAL token cache persistence... OK

